Tue Sep 16 00:44:50 UTC 2025
Tue Sep 16 09:24:20 UTC 2025
Wed Sep 17 09:23:22 UTC 2025
Thu Sep 18 09:23:25 UTC 2025
Fri Sep 19 09:23:59 UTC 2025
Sat Sep 20 09:20:33 UTC 2025
Sun Sep 21 09:19:54 UTC 2025
Mon Sep 22 09:27:18 UTC 2025
Tue Sep 23 09:24:21 UTC 2025
Wed Sep 24 09:24:00 UTC 2025
Thu Sep 25 09:24:12 UTC 2025
Fri Sep 26 09:24:26 UTC 2025
Sat Sep 27 09:19:15 UTC 2025
Sun Sep 28 09:20:00 UTC 2025
Mon Sep 29 09:26:42 UTC 2025
Tue Sep 30 09:24:06 UTC 2025
Wed Oct  1 09:24:53 UTC 2025
Thu Oct  2 09:22:37 UTC 2025
Fri Oct  3 09:21:52 UTC 2025
Sat Oct  4 09:19:52 UTC 2025
Sun Oct  5 09:19:22 UTC 2025
Mon Oct  6 09:26:49 UTC 2025
Tue Oct  7 09:24:16 UTC 2025
Wed Oct  8 09:24:41 UTC 2025
Thu Oct  9 09:24:03 UTC 2025
Fri Oct 10 09:24:29 UTC 2025
Sat Oct 11 09:19:46 UTC 2025
Sun Oct 12 09:19:55 UTC 2025
Mon Oct 13 09:27:20 UTC 2025
Tue Oct 14 09:25:05 UTC 2025
Wed Oct 15 09:25:19 UTC 2025
Thu Oct 16 09:25:43 UTC 2025
Fri Oct 17 09:24:45 UTC 2025
Sat Oct 18 09:20:34 UTC 2025
Sun Oct 19 09:20:06 UTC 2025
Mon Oct 20 09:26:46 UTC 2025
Tue Oct 21 09:26:00 UTC 2025
Wed Oct 22 09:26:57 UTC 2025
Thu Oct 23 09:26:01 UTC 2025
Fri Oct 24 09:25:06 UTC 2025
Sat Oct 25 09:20:07 UTC 2025
Sun Oct 26 09:19:59 UTC 2025
